<?xml version="1.0" encoding="UTF-8"?>
<persistence xmlns="http://xmlns.jcp.org/xml/ns/persistence" version="2.1">

    <persistence-unit name="ExperimentalJPADatabase" transaction-type="JTA">
        <provider>org.hibernate.jpa.HibernatePersistenceProvider</provider>
        <jta-data-source>java:/jboss/datasources/tandemPartnerdatasource</jta-data-source>
        <class>models.Nutzer</class>
        <class>models.Bezirk</class>
        <class>models.Freizeitaktivitaeten</class>
        <class>models.Matchanfragen</class>
        <class>models.Sprache</class>
        <class>models.Suchanfrage</class>
        <properties>
            <!--<property name="hibernate.show_sql" value="true"/>
            <property name="hibernate.format_sql" value="true"/>-->
            <property name="hibernate.hbm2ddl.auto" value="update"/>
        </properties>
    </persistence-unit>
</persistence>